# JRE version: Java(TM) SE Runtime Environment (8.0_05-b13) (build 1.8.0_05-b13)
# Java VM: Java HotSpot(TM) 64-Bit Server VM (25.5-b02 mixed mode linux-amd64 compressed oops)
Heap:
 PSYoungGen      total 35840K, used 14221K [0x00000000d6500000, 0x00000000d9d80000, 0x0000000100000000)
  eden space 34816K, 40% used [0x00000000d6500000,0x00000000d72db738,0x00000000d8700000)
  from space 1024K, 3% used [0x00000000d8700000,0x00000000d8708000,0x00000000d8800000)
  to   space 1024K, 0% used [0x00000000d9c80000,0x00000000d9c80000,0x00000000d9d80000)
 ParOldGen       total 127488K, used 840K [0x0000000082e00000, 0x000000008aa80000, 0x00000000d6500000)
  object space 127488K, 0% used [0x0000000082e00000,0x0000000082ed2080,0x000000008aa80000)
 Metaspace       used 3267K, capacity 4664K, committed 4864K, reserved 1056768K
  class space    used 345K, capacity 424K, committed 512K, reserved 1048576K
GC Heap History (10 events):
Event: 0.430 GC heap before
{Heap before GC invocations=11 (full 0):
 PSYoungGen      total 14336K, used 13344K [0x00000000d6500000, 0x00000000d7400000, 0x0000000100000000)
  eden space 13312K, 100% used [0x00000000d6500000,0x00000000d7200000,0x00000000d7200000)
  from space 1024K, 3% used [0x00000000d7300000,0x00000000d7308000,0x00000000d7400000)
  to   space 1024K, 0% used [0x00000000d7200000,0x00000000d7200000,0x00000000d7300000)
 ParOldGen       total 127488K, used 816K [0x0000000082e00000, 0x000000008aa80000, 0x00000000d6500000)
  object space 127488K, 0% used [0x0000000082e00000,0x0000000082ecc080,0x000000008aa80000)
 Metaspace       used 3267K, capacity 4664K, committed 4864K, reserved 1056768K
  class space    used 345K, capacity 424K, committed 512K, reserved 1048576K
Event: 0.430 GC heap after
Heap after GC invocations=11 (full 0):
 PSYoungGen      total 14336K, used 32K [0x00000000d6500000, 0x00000000d7c00000, 0x0000000100000000)
  eden space 13312K, 0% used [0x00000000d6500000,0x00000000d6500000,0x00000000d7200000)
  from space 1024K, 3% used [0x00000000d7200000,0x00000000d7208000,0x00000000d7300000)
  to   space 1024K, 0% used [0x00000000d7b00000,0x00000000d7b00000,0x00000000d7c00000)
 ParOldGen       total 127488K, used 824K [0x0000000082e00000, 0x000000008aa80000, 0x00000000d6500000)
  object space 127488K, 0% used [0x0000000082e00000,0x0000000082ece080,0x000000008aa80000)
 Metaspace       used 3267K, capacity 4664K, committed 4864K, reserved 1056768K
  class space    used 345K, capacity 424K, committed 512K, reserved 1048576K
}
Event: 0.477 GC heap before
{Heap before GC invocations=12 (full 0):
 PSYoungGen      total 14336K, used 13344K [0x00000000d6500000, 0x00000000d7c00000, 0x0000000100000000)
  eden space 13312K, 100% used [0x00000000d6500000,0x00000000d7200000,0x00000000d7200000)
  from space 1024K, 3% used [0x00000000d7200000,0x00000000d7208000,0x00000000d7300000)
  to   space 1024K, 0% used [0x00000000d7b00000,0x00000000d7b00000,0x00000000d7c00000)
 ParOldGen       total 127488K, used 824K [0x0000000082e00000, 0x000000008aa80000, 0x00000000d6500000)
  object space 127488K, 0% used [0x0000000082e00000,0x0000000082ece080,0x000000008aa80000)
 Metaspace       used 3267K, capacity 4664K, committed 4864K, reserved 1056768K
  class space    used 345K, capacity 424K, committed 512K, reserved 1048576K
Event: 0.478 GC heap after
Heap after GC invocations=12 (full 0):
 PSYoungGen      total 22528K, used 32K [0x00000000d6500000, 0x00000000d7c00000, 0x0000000100000000)
  eden space 21504K, 0% used [0x00000000d6500000,0x00000000d6500000,0x00000000d7a00000)
  from space 1024K, 3% used [0x00000000d7b00000,0x00000000d7b08000,0x00000000d7c00000)
  to   space 1024K, 0% used [0x00000000d7a00000,0x00000000d7a00000,0x00000000d7b00000)
 ParOldGen       total 127488K, used 824K [0x0000000082e00000, 0x000000008aa80000, 0x00000000d6500000)
  object space 127488K, 0% used [0x0000000082e00000,0x0000000082ece080,0x000000008aa80000)
 Metaspace       used 3267K, capacity 4664K, committed 4864K, reserved 1056768K
  class space    used 345K, capacity 424K, committed 512K, reserved 1048576K
}
Event: 0.561 GC heap before
{Heap before GC invocations=13 (full 0):
 PSYoungGen      total 22528K, used 21536K [0x00000000d6500000, 0x00000000d7c00000, 0x0000000100000000)
  eden space 21504K, 100% used [0x00000000d6500000,0x00000000d7a00000,0x00000000d7a00000)
  from space 1024K, 3% used [0x00000000d7b00000,0x00000000d7b08000,0x00000000d7c00000)
  to   space 1024K, 0% used [0x00000000d7a00000,0x00000000d7a00000,0x00000000d7b00000)
 ParOldGen       total 127488K, used 824K [0x0000000082e00000, 0x000000008aa80000, 0x00000000d6500000)
  object space 127488K, 0% used [0x0000000082e00000,0x0000000082ece080,0x000000008aa80000)
 Metaspace       used 3267K, capacity 4664K, committed 4864K, reserved 1056768K
  class space    used 345K, capacity 424K, committed 512K, reserved 1048576K
Event: 0.562 GC heap after
Heap after GC invocations=13 (full 0):
 PSYoungGen      total 22528K, used 32K [0x00000000d6500000, 0x00000000d8900000, 0x0000000100000000)
  eden space 21504K, 0% used [0x00000000d6500000,0x00000000d6500000,0x00000000d7a00000)
  from space 1024K, 3% used [0x00000000d7a00000,0x00000000d7a08000,0x00000000d7b00000)
  to   space 1024K, 0% used [0x00000000d8800000,0x00000000d8800000,0x00000000d8900000)
 ParOldGen       total 127488K, used 832K [0x0000000082e00000, 0x000000008aa80000, 0x00000000d6500000)
  object space 127488K, 0% used [0x0000000082e00000,0x0000000082ed0080,0x000000008aa80000)
 Metaspace       used 3267K, capacity 4664K, committed 4864K, reserved 1056768K
  class space    used 345K, capacity 424K, committed 512K, reserved 1048576K
}
Event: 0.636 GC heap before
{Heap before GC invocations=14 (full 0):
 PSYoungGen      total 22528K, used 21536K [0x00000000d6500000, 0x00000000d8900000, 0x0000000100000000)
  eden space 21504K, 100% used [0x00000000d6500000,0x00000000d7a00000,0x00000000d7a00000)
  from space 1024K, 3% used [0x00000000d7a00000,0x00000000d7a08000,0x00000000d7b00000)
  to   space 1024K, 0% used [0x00000000d8800000,0x00000000d8800000,0x00000000d8900000)
 ParOldGen       total 127488K, used 832K [0x0000000082e00000, 0x000000008aa80000, 0x00000000d6500000)
  object space 127488K, 0% used [0x0000000082e00000,0x0000000082ed0080,0x000000008aa80000)
 Metaspace       used 3267K, capacity 4664K, committed 4864K, reserved 1056768K
  class space    used 345K, capacity 424K, committed 512K, reserved 1048576K
Event: 0.637 GC heap after
Heap after GC invocations=14 (full 0):
 PSYoungGen      total 35840K, used 32K [0x00000000d6500000, 0x00000000d8900000, 0x0000000100000000)
  eden space 34816K, 0% used [0x00000000d6500000,0x00000000d6500000,0x00000000d8700000)
  from space 1024K, 3% used [0x00000000d8800000,0x00000000d8808000,0x00000000d8900000)
  to   space 1024K, 0% used [0x00000000d8700000,0x00000000d8700000,0x00000000d8800000)
 ParOldGen       total 127488K, used 832K [0x0000000082e00000, 0x000000008aa80000, 0x00000000d6500000)
  object space 127488K, 0% used [0x0000000082e00000,0x0000000082ed0080,0x000000008aa80000)
 Metaspace       used 3267K, capacity 4664K, committed 4864K, reserved 1056768K
  class space    used 345K, capacity 424K, committed 512K, reserved 1048576K
}
Event: 0.797 GC heap before
{Heap before GC invocations=15 (full 0):
 PSYoungGen      total 35840K, used 34848K [0x00000000d6500000, 0x00000000d8900000, 0x0000000100000000)
  eden space 34816K, 100% used [0x00000000d6500000,0x00000000d8700000,0x00000000d8700000)
  from space 1024K, 3% used [0x00000000d8800000,0x00000000d8808000,0x00000000d8900000)
  to   space 1024K, 0% used [0x00000000d8700000,0x00000000d8700000,0x00000000d8800000)
 ParOldGen       total 127488K, used 832K [0x0000000082e00000, 0x000000008aa80000, 0x00000000d6500000)
  object space 127488K, 0% used [0x0000000082e00000,0x0000000082ed0080,0x000000008aa80000)
 Metaspace       used 3267K, capacity 4664K, committed 4864K, reserved 1056768K
  class space    used 345K, capacity 424K, committed 512K, reserved 1048576K
Event: 0.797 GC heap after
Heap after GC invocations=15 (full 0):
 PSYoungGen      total 35840K, used 32K [0x00000000d6500000, 0x00000000d9d80000, 0x0000000100000000)
  eden space 34816K, 0% used [0x00000000d6500000,0x00000000d6500000,0x00000000d8700000)
  from space 1024K, 3% used [0x00000000d8700000,0x00000000d8708000,0x00000000d8800000)
  to   space 1024K, 0% used [0x00000000d9c80000,0x00000000d9c80000,0x00000000d9d80000)
 ParOldGen       total 127488K, used 840K [0x0000000082e00000, 0x000000008aa80000, 0x00000000d6500000)
  object space 127488K, 0% used [0x0000000082e00000,0x0000000082ed2080,0x000000008aa80000)
 Metaspace       used 3267K, capacity 4664K, committed 4864K, reserved 1056768K
  class space    used 345K, capacity 424K, committed 512K, reserved 1048576K
}

