# JRE version: Java(TM) SE Runtime Environment (8.0_05-b13) (build 1.8.0_05-b13)
# Java VM: Java HotSpot(TM) 64-Bit Server VM (25.5-b02 mixed mode linux-amd64 compressed oops)
Heap:
 PSYoungGen      total 9216K, used 1517K [0x00000000d6500000, 0x00000000d6f00000, 0x0000000100000000)
  eden space 8192K, 18% used [0x00000000d6500000,0x00000000d6673780,0x00000000d6d00000)
  from space 1024K, 3% used [0x00000000d6e00000,0x00000000d6e08000,0x00000000d6f00000)
  to   space 1024K, 0% used [0x00000000d6d00000,0x00000000d6d00000,0x00000000d6e00000)
 ParOldGen       total 127488K, used 960K [0x0000000082e00000, 0x000000008aa80000, 0x00000000d6500000)
  object space 127488K, 0% used [0x0000000082e00000,0x0000000082ef0080,0x000000008aa80000)
 Metaspace       used 3251K, capacity 4664K, committed 4864K, reserved 1056768K
  class space    used 345K, capacity 424K, committed 512K, reserved 1048576K
GC Heap History (10 events):
Event: 0.208 GC heap before
{Heap before GC invocations=4 (full 0):
 PSYoungGen      total 1536K, used 1504K [0x00000000d6500000, 0x00000000d6800000, 0x0000000100000000)
  eden space 1024K, 100% used [0x00000000d6500000,0x00000000d6600000,0x00000000d6600000)
  from space 512K, 93% used [0x00000000d6600000,0x00000000d6678010,0x00000000d6680000)
  to   space 512K, 0% used [0x00000000d6780000,0x00000000d6780000,0x00000000d6800000)
 ParOldGen       total 127488K, used 392K [0x0000000082e00000, 0x000000008aa80000, 0x00000000d6500000)
  object space 127488K, 0% used [0x0000000082e00000,0x0000000082e62000,0x000000008aa80000)
 Metaspace       used 3238K, capacity 4664K, committed 4864K, reserved 1056768K
  class space    used 344K, capacity 424K, committed 512K, reserved 1048576K
Event: 0.210 GC heap after
Heap after GC invocations=4 (full 0):
 PSYoungGen      total 2560K, used 496K [0x00000000d6500000, 0x00000000d6800000, 0x0000000100000000)
  eden space 2048K, 0% used [0x00000000d6500000,0x00000000d6500000,0x00000000d6700000)
  from space 512K, 96% used [0x00000000d6780000,0x00000000d67fc020,0x00000000d6800000)
  to   space 512K, 0% used [0x00000000d6700000,0x00000000d6700000,0x00000000d6780000)
 ParOldGen       total 127488K, used 456K [0x0000000082e00000, 0x000000008aa80000, 0x00000000d6500000)
  object space 127488K, 0% used [0x0000000082e00000,0x0000000082e72000,0x000000008aa80000)
 Metaspace       used 3238K, capacity 4664K, committed 4864K, reserved 1056768K
  class space    used 344K, capacity 424K, committed 512K, reserved 1048576K
}
Event: 0.229 GC heap before
{Heap before GC invocations=5 (full 0):
 PSYoungGen      total 2560K, used 2544K [0x00000000d6500000, 0x00000000d6800000, 0x0000000100000000)
  eden space 2048K, 100% used [0x00000000d6500000,0x00000000d6700000,0x00000000d6700000)
  from space 512K, 96% used [0x00000000d6780000,0x00000000d67fc020,0x00000000d6800000)
  to   space 512K, 0% used [0x00000000d6700000,0x00000000d6700000,0x00000000d6780000)
 ParOldGen       total 127488K, used 456K [0x0000000082e00000, 0x000000008aa80000, 0x00000000d6500000)
  object space 127488K, 0% used [0x0000000082e00000,0x0000000082e72000,0x000000008aa80000)
 Metaspace       used 3244K, capacity 4664K, committed 4864K, reserved 1056768K
  class space    used 344K, capacity 424K, committed 512K, reserved 1048576K
Event: 0.230 GC heap after
Heap after GC invocations=5 (full 0):
 PSYoungGen      total 2560K, used 496K [0x00000000d6500000, 0x00000000d6b00000, 0x0000000100000000)
  eden space 2048K, 0% used [0x00000000d6500000,0x00000000d6500000,0x00000000d6700000)
  from space 512K, 96% used [0x00000000d6700000,0x00000000d677c020,0x00000000d6780000)
  to   space 1024K, 0% used [0x00000000d6a00000,0x00000000d6a00000,0x00000000d6b00000)
 ParOldGen       total 127488K, used 480K [0x0000000082e00000, 0x000000008aa80000, 0x00000000d6500000)
  object space 127488K, 0% used [0x0000000082e00000,0x0000000082e78000,0x000000008aa80000)
 Metaspace       used 3244K, capacity 4664K, committed 4864K, reserved 1056768K
  class space    used 344K, capacity 424K, committed 512K, reserved 1048576K
}
Event: 0.247 GC heap before
{Heap before GC invocations=6 (full 0):
 PSYoungGen      total 2560K, used 2544K [0x00000000d6500000, 0x00000000d6b00000, 0x0000000100000000)
  eden space 2048K, 100% used [0x00000000d6500000,0x00000000d6700000,0x00000000d6700000)
  from space 512K, 96% used [0x00000000d6700000,0x00000000d677c020,0x00000000d6780000)
  to   space 1024K, 0% used [0x00000000d6a00000,0x00000000d6a00000,0x00000000d6b00000)
 ParOldGen       total 127488K, used 480K [0x0000000082e00000, 0x000000008aa80000, 0x00000000d6500000)
  object space 127488K, 0% used [0x0000000082e00000,0x0000000082e78000,0x000000008aa80000)
 Metaspace       used 3246K, capacity 4664K, committed 4864K, reserved 1056768K
  class space    used 344K, capacity 424K, committed 512K, reserved 1048576K
Event: 0.250 GC heap after
Heap after GC invocations=6 (full 0):
 PSYoungGen      total 5120K, used 512K [0x00000000d6500000, 0x00000000d6b00000, 0x0000000100000000)
  eden space 4096K, 0% used [0x00000000d6500000,0x00000000d6500000,0x00000000d6900000)
  from space 1024K, 50% used [0x00000000d6a00000,0x00000000d6a80030,0x00000000d6b00000)
  to   space 1024K, 0% used [0x00000000d6900000,0x00000000d6900000,0x00000000d6a00000)
 ParOldGen       total 127488K, used 480K [0x0000000082e00000, 0x000000008aa80000, 0x00000000d6500000)
  object space 127488K, 0% used [0x0000000082e00000,0x0000000082e78000,0x000000008aa80000)
 Metaspace       used 3246K, capacity 4664K, committed 4864K, reserved 1056768K
  class space    used 344K, capacity 424K, committed 512K, reserved 1048576K
}
Event: 0.279 GC heap before
{Heap before GC invocations=7 (full 0):
 PSYoungGen      total 5120K, used 4608K [0x00000000d6500000, 0x00000000d6b00000, 0x0000000100000000)
  eden space 4096K, 100% used [0x00000000d6500000,0x00000000d6900000,0x00000000d6900000)
  from space 1024K, 50% used [0x00000000d6a00000,0x00000000d6a80030,0x00000000d6b00000)
  to   space 1024K, 0% used [0x00000000d6900000,0x00000000d6900000,0x00000000d6a00000)
 ParOldGen       total 127488K, used 480K [0x0000000082e00000, 0x000000008aa80000, 0x00000000d6500000)
  object space 127488K, 0% used [0x0000000082e00000,0x0000000082e78000,0x000000008aa80000)
 Metaspace       used 3247K, capacity 4664K, committed 4864K, reserved 1056768K
  class space    used 345K, capacity 424K, committed 512K, reserved 1048576K
Event: 0.282 GC heap after
Heap after GC invocations=7 (full 0):
 PSYoungGen      total 5120K, used 240K [0x00000000d6500000, 0x00000000d6f00000, 0x0000000100000000)
  eden space 4096K, 0% used [0x00000000d6500000,0x00000000d6500000,0x00000000d6900000)
  from space 1024K, 23% used [0x00000000d6900000,0x00000000d693c020,0x00000000d6a00000)
  to   space 1024K, 0% used [0x00000000d6e00000,0x00000000d6e00000,0x00000000d6f00000)
 ParOldGen       total 127488K, used 728K [0x0000000082e00000, 0x000000008aa80000, 0x00000000d6500000)
  object space 127488K, 0% used [0x0000000082e00000,0x0000000082eb6050,0x000000008aa80000)
 Metaspace       used 3247K, capacity 4664K, committed 4864K, reserved 1056768K
  class space    used 345K, capacity 424K, committed 512K, reserved 1048576K
}
Event: 0.312 GC heap before
{Heap before GC invocations=8 (full 0):
 PSYoungGen      total 5120K, used 4336K [0x00000000d6500000, 0x00000000d6f00000, 0x0000000100000000)
  eden space 4096K, 100% used [0x00000000d6500000,0x00000000d6900000,0x00000000d6900000)
  from space 1024K, 23% used [0x00000000d6900000,0x00000000d693c020,0x00000000d6a00000)
  to   space 1024K, 0% used [0x00000000d6e00000,0x00000000d6e00000,0x00000000d6f00000)
 ParOldGen       total 127488K, used 728K [0x0000000082e00000, 0x000000008aa80000, 0x00000000d6500000)
  object space 127488K, 0% used [0x0000000082e00000,0x0000000082eb6050,0x000000008aa80000)
 Metaspace       used 3251K, capacity 4664K, committed 4864K, reserved 1056768K
  class space    used 345K, capacity 424K, committed 512K, reserved 1048576K
Event: 0.315 GC heap after
Heap after GC invocations=8 (full 0):
 PSYoungGen      total 9216K, used 32K [0x00000000d6500000, 0x00000000d6f00000, 0x0000000100000000)
  eden space 8192K, 0% used [0x00000000d6500000,0x00000000d6500000,0x00000000d6d00000)
  from space 1024K, 3% used [0x00000000d6e00000,0x00000000d6e08000,0x00000000d6f00000)
  to   space 1024K, 0% used [0x00000000d6d00000,0x00000000d6d00000,0x00000000d6e00000)
 ParOldGen       total 127488K, used 960K [0x0000000082e00000, 0x000000008aa80000, 0x00000000d6500000)
  object space 127488K, 0% used [0x0000000082e00000,0x0000000082ef0080,0x000000008aa80000)
 Metaspace       used 3251K, capacity 4664K, committed 4864K, reserved 1056768K
  class space    used 345K, capacity 424K, committed 512K, reserved 1048576K
}

