# JRE version: Java(TM) SE Runtime Environment (8.0_05-b13) (build 1.8.0_05-b13)
# Java VM: Java HotSpot(TM) 64-Bit Server VM (25.5-b02 mixed mode linux-amd64 compressed oops)
Heap:
 PSYoungGen      total 5632K, used 4868K [0x00000000d6500000, 0x00000000d6c00000, 0x0000000100000000)
  eden space 4096K, 92% used [0x00000000d6500000,0x00000000d68b4d08,0x00000000d6900000)
  from space 1536K, 69% used [0x00000000d6a80000,0x00000000d6b8c6b8,0x00000000d6c00000)
  to   space 1536K, 0% used [0x00000000d6900000,0x00000000d6900000,0x00000000d6a80000)
 ParOldGen       total 127488K, used 4789K [0x0000000082e00000, 0x000000008aa80000, 0x00000000d6500000)
  object space 127488K, 3% used [0x0000000082e00000,0x00000000832ad6f0,0x000000008aa80000)
 Metaspace       used 11248K, capacity 11372K, committed 11648K, reserved 1058816K
  class space    used 1332K, capacity 1366K, committed 1408K, reserved 1048576K
GC Heap History (10 events):
Event: 0.136 GC heap before
{Heap before GC invocations=2 (full 0):
 PSYoungGen      total 1024K, used 912K [0x00000000d6500000, 0x00000000d6700000, 0x0000000100000000)
  eden space 512K, 100% used [0x00000000d6500000,0x00000000d6580000,0x00000000d6580000)
  from space 512K, 78% used [0x00000000d6580000,0x00000000d65e4010,0x00000000d6600000)
  to   space 512K, 0% used [0x00000000d6680000,0x00000000d6680000,0x00000000d6700000)
 ParOldGen       total 127488K, used 8K [0x0000000082e00000, 0x000000008aa80000, 0x00000000d6500000)
  object space 127488K, 0% used [0x0000000082e00000,0x0000000082e02000,0x000000008aa80000)
 Metaspace       used 3689K, capacity 4622K, committed 4864K, reserved 1056768K
  class space    used 426K, capacity 458K, committed 512K, reserved 1048576K
Event: 0.138 GC heap after
Heap after GC invocations=2 (full 0):
 PSYoungGen      total 1536K, used 496K [0x00000000d6500000, 0x00000000d6700000, 0x0000000100000000)
  eden space 1024K, 0% used [0x00000000d6500000,0x00000000d6500000,0x00000000d6600000)
  from space 512K, 96% used [0x00000000d6680000,0x00000000d66fc010,0x00000000d6700000)
  to   space 512K, 0% used [0x00000000d6600000,0x00000000d6600000,0x00000000d6680000)
 ParOldGen       total 127488K, used 77K [0x0000000082e00000, 0x000000008aa80000, 0x00000000d6500000)
  object space 127488K, 0% used [0x0000000082e00000,0x0000000082e137e8,0x000000008aa80000)
 Metaspace       used 3689K, capacity 4622K, committed 4864K, reserved 1056768K
  class space    used 426K, capacity 458K, committed 512K, reserved 1048576K
}
Event: 0.215 GC heap before
{Heap before GC invocations=3 (full 0):
 PSYoungGen      total 1536K, used 1520K [0x00000000d6500000, 0x00000000d6700000, 0x0000000100000000)
  eden space 1024K, 100% used [0x00000000d6500000,0x00000000d6600000,0x00000000d6600000)
  from space 512K, 96% used [0x00000000d6680000,0x00000000d66fc010,0x00000000d6700000)
  to   space 512K, 0% used [0x00000000d6600000,0x00000000d6600000,0x00000000d6680000)
 ParOldGen       total 127488K, used 77K [0x0000000082e00000, 0x000000008aa80000, 0x00000000d6500000)
  object space 127488K, 0% used [0x0000000082e00000,0x0000000082e137e8,0x000000008aa80000)
 Metaspace       used 5444K, capacity 5596K, committed 5888K, reserved 1056768K
  class space    used 626K, capacity 681K, committed 768K, reserved 1048576K
Event: 0.218 GC heap after
Heap after GC invocations=3 (full 0):
 PSYoungGen      total 1536K, used 496K [0x00000000d6500000, 0x00000000d6800000, 0x0000000100000000)
  eden space 1024K, 0% used [0x00000000d6500000,0x00000000d6500000,0x00000000d6600000)
  from space 512K, 96% used [0x00000000d6600000,0x00000000d667c010,0x00000000d6680000)
  to   space 512K, 0% used [0x00000000d6780000,0x00000000d6780000,0x00000000d6800000)
 ParOldGen       total 127488K, used 379K [0x0000000082e00000, 0x000000008aa80000, 0x00000000d6500000)
  object space 127488K, 0% used [0x0000000082e00000,0x0000000082e5ef38,0x000000008aa80000)
 Metaspace       used 5444K, capacity 5596K, committed 5888K, reserved 1056768K
  class space    used 626K, capacity 681K, committed 768K, reserved 1048576K
}
Event: 0.315 GC heap before
{Heap before GC invocations=4 (full 0):
 PSYoungGen      total 1536K, used 1520K [0x00000000d6500000, 0x00000000d6800000, 0x0000000100000000)
  eden space 1024K, 100% used [0x00000000d6500000,0x00000000d6600000,0x00000000d6600000)
  from space 512K, 96% used [0x00000000d6600000,0x00000000d667c010,0x00000000d6680000)
  to   space 512K, 0% used [0x00000000d6780000,0x00000000d6780000,0x00000000d6800000)
 ParOldGen       total 127488K, used 379K [0x0000000082e00000, 0x000000008aa80000, 0x00000000d6500000)
  object space 127488K, 0% used [0x0000000082e00000,0x0000000082e5ef38,0x000000008aa80000)
 Metaspace       used 7039K, capacity 7162K, committed 7296K, reserved 1056768K
  class space    used 812K, capacity 883K, committed 896K, reserved 1048576K
Event: 0.318 GC heap after
Heap after GC invocations=4 (full 0):
 PSYoungGen      total 2560K, used 496K [0x00000000d6500000, 0x00000000d6800000, 0x0000000100000000)
  eden space 2048K, 0% used [0x00000000d6500000,0x00000000d6500000,0x00000000d6700000)
  from space 512K, 96% used [0x00000000d6780000,0x00000000d67fc010,0x00000000d6800000)
  to   space 512K, 0% used [0x00000000d6700000,0x00000000d6700000,0x00000000d6780000)
 ParOldGen       total 127488K, used 813K [0x0000000082e00000, 0x000000008aa80000, 0x00000000d6500000)
  object space 127488K, 0% used [0x0000000082e00000,0x0000000082ecb4e8,0x000000008aa80000)
 Metaspace       used 7039K, capacity 7162K, committed 7296K, reserved 1056768K
  class space    used 812K, capacity 883K, committed 896K, reserved 1048576K
}
Event: 1.929 GC heap before
{Heap before GC invocations=5 (full 0):
 PSYoungGen      total 2560K, used 2544K [0x00000000d6500000, 0x00000000d6800000, 0x0000000100000000)
  eden space 2048K, 100% used [0x00000000d6500000,0x00000000d6700000,0x00000000d6700000)
  from space 512K, 96% used [0x00000000d6780000,0x00000000d67fc010,0x00000000d6800000)
  to   space 512K, 0% used [0x00000000d6700000,0x00000000d6700000,0x00000000d6780000)
 ParOldGen       total 127488K, used 4121K [0x0000000082e00000, 0x000000008aa80000, 0x00000000d6500000)
  object space 127488K, 3% used [0x0000000082e00000,0x0000000083206758,0x000000008aa80000)
 Metaspace       used 11038K, capacity 11180K, committed 11392K, reserved 1058816K
  class space    used 1319K, capacity 1366K, committed 1408K, reserved 1048576K
Event: 1.935 GC heap after
Heap after GC invocations=5 (full 0):
 PSYoungGen      total 2560K, used 498K [0x00000000d6500000, 0x00000000d6c00000, 0x0000000100000000)
  eden space 2048K, 0% used [0x00000000d6500000,0x00000000d6500000,0x00000000d6700000)
  from space 512K, 97% used [0x00000000d6700000,0x00000000d677c820,0x00000000d6780000)
  to   space 1536K, 0% used [0x00000000d6a80000,0x00000000d6a80000,0x00000000d6c00000)
 ParOldGen       total 127488K, used 4789K [0x0000000082e00000, 0x000000008aa80000, 0x00000000d6500000)
  object space 127488K, 3% used [0x0000000082e00000,0x00000000832ad6f0,0x000000008aa80000)
 Metaspace       used 11038K, capacity 11180K, committed 11392K, reserved 1058816K
  class space    used 1319K, capacity 1366K, committed 1408K, reserved 1048576K
}
Event: 1.979 GC heap before
{Heap before GC invocations=6 (full 0):
 PSYoungGen      total 2560K, used 2546K [0x00000000d6500000, 0x00000000d6c00000, 0x0000000100000000)
  eden space 2048K, 100% used [0x00000000d6500000,0x00000000d6700000,0x00000000d6700000)
  from space 512K, 97% used [0x00000000d6700000,0x00000000d677c820,0x00000000d6780000)
  to   space 1536K, 0% used [0x00000000d6a80000,0x00000000d6a80000,0x00000000d6c00000)
 ParOldGen       total 127488K, used 4789K [0x0000000082e00000, 0x000000008aa80000, 0x00000000d6500000)
  object space 127488K, 3% used [0x0000000082e00000,0x00000000832ad6f0,0x000000008aa80000)
 Metaspace       used 11218K, capacity 11308K, committed 11392K, reserved 1058816K
  class space    used 1332K, capacity 1366K, committed 1408K, reserved 1048576K
Event: 1.983 GC heap after
Heap after GC invocations=6 (full 0):
 PSYoungGen      total 5632K, used 1073K [0x00000000d6500000, 0x00000000d6c00000, 0x0000000100000000)
  eden space 4096K, 0% used [0x00000000d6500000,0x00000000d6500000,0x00000000d6900000)
  from space 1536K, 69% used [0x00000000d6a80000,0x00000000d6b8c6b8,0x00000000d6c00000)
  to   space 1536K, 0% used [0x00000000d6900000,0x00000000d6900000,0x00000000d6a80000)
 ParOldGen       total 127488K, used 4789K [0x0000000082e00000, 0x000000008aa80000, 0x00000000d6500000)
  object space 127488K, 3% used [0x0000000082e00000,0x00000000832ad6f0,0x000000008aa80000)
 Metaspace       used 11218K, capacity 11308K, committed 11392K, reserved 1058816K
  class space    used 1332K, capacity 1366K, committed 1408K, reserved 1048576K
}

