# JRE version: Java(TM) SE Runtime Environment (8.0_05-b13) (build 1.8.0_05-b13)
# Java VM: Java HotSpot(TM) 64-Bit Server VM (25.5-b02 mixed mode linux-amd64 compressed oops)
Heap:
 PSYoungGen      total 9216K, used 260K [0x00000000d6500000, 0x00000000d7400000, 0x0000000100000000)
  eden space 8192K, 2% used [0x00000000d6500000,0x00000000d6529000,0x00000000d6d00000)
  from space 1024K, 9% used [0x00000000d6d00000,0x00000000d6d18000,0x00000000d6e00000)
  to   space 1024K, 0% used [0x00000000d7300000,0x00000000d7300000,0x00000000d7400000)
 ParOldGen       total 127488K, used 929K [0x0000000082e00000, 0x000000008aa80000, 0x00000000d6500000)
  object space 127488K, 0% used [0x0000000082e00000,0x0000000082ee8428,0x000000008aa80000)
 Metaspace       used 3226K, capacity 4600K, committed 4864K, reserved 1056768K
  class space    used 342K, capacity 424K, committed 512K, reserved 1048576K
GC Heap History (10 events):
Event: 0.226 GC heap before
{Heap before GC invocations=5 (full 0):
 PSYoungGen      total 2560K, used 2544K [0x00000000d6500000, 0x00000000d6800000, 0x0000000100000000)
  eden space 2048K, 100% used [0x00000000d6500000,0x00000000d6700000,0x00000000d6700000)
  from space 512K, 96% used [0x00000000d6780000,0x00000000d67fc020,0x00000000d6800000)
  to   space 512K, 0% used [0x00000000d6700000,0x00000000d6700000,0x00000000d6780000)
 ParOldGen       total 127488K, used 404K [0x0000000082e00000, 0x000000008aa80000, 0x00000000d6500000)
  object space 127488K, 0% used [0x0000000082e00000,0x0000000082e653c8,0x000000008aa80000)
 Metaspace       used 3213K, capacity 4600K, committed 4864K, reserved 1056768K
  class space    used 341K, capacity 424K, committed 512K, reserved 1048576K
Event: 0.228 GC heap after
Heap after GC invocations=5 (full 0):
 PSYoungGen      total 2560K, used 496K [0x00000000d6500000, 0x00000000d6b00000, 0x0000000100000000)
  eden space 2048K, 0% used [0x00000000d6500000,0x00000000d6500000,0x00000000d6700000)
  from space 512K, 96% used [0x00000000d6700000,0x00000000d677c020,0x00000000d6780000)
  to   space 1024K, 0% used [0x00000000d6a00000,0x00000000d6a00000,0x00000000d6b00000)
 ParOldGen       total 127488K, used 404K [0x0000000082e00000, 0x000000008aa80000, 0x00000000d6500000)
  object space 127488K, 0% used [0x0000000082e00000,0x0000000082e653c8,0x000000008aa80000)
 Metaspace       used 3213K, capacity 4600K, committed 4864K, reserved 1056768K
  class space    used 341K, capacity 424K, committed 512K, reserved 1048576K
}
Event: 0.242 GC heap before
{Heap before GC invocations=6 (full 0):
 PSYoungGen      total 2560K, used 2544K [0x00000000d6500000, 0x00000000d6b00000, 0x0000000100000000)
  eden space 2048K, 100% used [0x00000000d6500000,0x00000000d6700000,0x00000000d6700000)
  from space 512K, 96% used [0x00000000d6700000,0x00000000d677c020,0x00000000d6780000)
  to   space 1024K, 0% used [0x00000000d6a00000,0x00000000d6a00000,0x00000000d6b00000)
 ParOldGen       total 127488K, used 404K [0x0000000082e00000, 0x000000008aa80000, 0x00000000d6500000)
  object space 127488K, 0% used [0x0000000082e00000,0x0000000082e653c8,0x000000008aa80000)
 Metaspace       used 3214K, capacity 4600K, committed 4864K, reserved 1056768K
  class space    used 341K, capacity 424K, committed 512K, reserved 1048576K
Event: 0.244 GC heap after
Heap after GC invocations=6 (full 0):
 PSYoungGen      total 5120K, used 560K [0x00000000d6500000, 0x00000000d6b00000, 0x0000000100000000)
  eden space 4096K, 0% used [0x00000000d6500000,0x00000000d6500000,0x00000000d6900000)
  from space 1024K, 54% used [0x00000000d6a00000,0x00000000d6a8c020,0x00000000d6b00000)
  to   space 1024K, 0% used [0x00000000d6900000,0x00000000d6900000,0x00000000d6a00000)
 ParOldGen       total 127488K, used 412K [0x0000000082e00000, 0x000000008aa80000, 0x00000000d6500000)
  object space 127488K, 0% used [0x0000000082e00000,0x0000000082e673c8,0x000000008aa80000)
 Metaspace       used 3214K, capacity 4600K, committed 4864K, reserved 1056768K
  class space    used 341K, capacity 424K, committed 512K, reserved 1048576K
}
Event: 0.270 GC heap before
{Heap before GC invocations=7 (full 0):
 PSYoungGen      total 5120K, used 4656K [0x00000000d6500000, 0x00000000d6b00000, 0x0000000100000000)
  eden space 4096K, 100% used [0x00000000d6500000,0x00000000d6900000,0x00000000d6900000)
  from space 1024K, 54% used [0x00000000d6a00000,0x00000000d6a8c020,0x00000000d6b00000)
  to   space 1024K, 0% used [0x00000000d6900000,0x00000000d6900000,0x00000000d6a00000)
 ParOldGen       total 127488K, used 412K [0x0000000082e00000, 0x000000008aa80000, 0x00000000d6500000)
  object space 127488K, 0% used [0x0000000082e00000,0x0000000082e673c8,0x000000008aa80000)
 Metaspace       used 3219K, capacity 4600K, committed 4864K, reserved 1056768K
  class space    used 342K, capacity 424K, committed 512K, reserved 1048576K
Event: 0.272 GC heap after
Heap after GC invocations=7 (full 0):
 PSYoungGen      total 5120K, used 160K [0x00000000d6500000, 0x00000000d6f00000, 0x0000000100000000)
  eden space 4096K, 0% used [0x00000000d6500000,0x00000000d6500000,0x00000000d6900000)
  from space 1024K, 15% used [0x00000000d6900000,0x00000000d6928000,0x00000000d6a00000)
  to   space 1024K, 0% used [0x00000000d6e00000,0x00000000d6e00000,0x00000000d6f00000)
 ParOldGen       total 127488K, used 801K [0x0000000082e00000, 0x000000008aa80000, 0x00000000d6500000)
  object space 127488K, 0% used [0x0000000082e00000,0x0000000082ec8408,0x000000008aa80000)
 Metaspace       used 3219K, capacity 4600K, committed 4864K, reserved 1056768K
  class space    used 342K, capacity 424K, committed 512K, reserved 1048576K
}
Event: 0.297 GC heap before
{Heap before GC invocations=8 (full 0):
 PSYoungGen      total 5120K, used 4256K [0x00000000d6500000, 0x00000000d6f00000, 0x0000000100000000)
  eden space 4096K, 100% used [0x00000000d6500000,0x00000000d6900000,0x00000000d6900000)
  from space 1024K, 15% used [0x00000000d6900000,0x00000000d6928000,0x00000000d6a00000)
  to   space 1024K, 0% used [0x00000000d6e00000,0x00000000d6e00000,0x00000000d6f00000)
 ParOldGen       total 127488K, used 801K [0x0000000082e00000, 0x000000008aa80000, 0x00000000d6500000)
  object space 127488K, 0% used [0x0000000082e00000,0x0000000082ec8408,0x000000008aa80000)
 Metaspace       used 3220K, capacity 4600K, committed 4864K, reserved 1056768K
  class space    used 342K, capacity 424K, committed 512K, reserved 1048576K
Event: 0.298 GC heap after
Heap after GC invocations=8 (full 0):
 PSYoungGen      total 9216K, used 64K [0x00000000d6500000, 0x00000000d6f00000, 0x0000000100000000)
  eden space 8192K, 0% used [0x00000000d6500000,0x00000000d6500000,0x00000000d6d00000)
  from space 1024K, 6% used [0x00000000d6e00000,0x00000000d6e10000,0x00000000d6f00000)
  to   space 1024K, 0% used [0x00000000d6d00000,0x00000000d6d00000,0x00000000d6e00000)
 ParOldGen       total 127488K, used 913K [0x0000000082e00000, 0x000000008aa80000, 0x00000000d6500000)
  object space 127488K, 0% used [0x0000000082e00000,0x0000000082ee4428,0x000000008aa80000)
 Metaspace       used 3220K, capacity 4600K, committed 4864K, reserved 1056768K
  class space    used 342K, capacity 424K, committed 512K, reserved 1048576K
}
Event: 0.339 GC heap before
{Heap before GC invocations=9 (full 0):
 PSYoungGen      total 9216K, used 8256K [0x00000000d6500000, 0x00000000d6f00000, 0x0000000100000000)
  eden space 8192K, 100% used [0x00000000d6500000,0x00000000d6d00000,0x00000000d6d00000)
  from space 1024K, 6% used [0x00000000d6e00000,0x00000000d6e10000,0x00000000d6f00000)
  to   space 1024K, 0% used [0x00000000d6d00000,0x00000000d6d00000,0x00000000d6e00000)
 ParOldGen       total 127488K, used 913K [0x0000000082e00000, 0x000000008aa80000, 0x00000000d6500000)
  object space 127488K, 0% used [0x0000000082e00000,0x0000000082ee4428,0x000000008aa80000)
 Metaspace       used 3226K, capacity 4600K, committed 4864K, reserved 1056768K
  class space    used 342K, capacity 424K, committed 512K, reserved 1048576K
Event: 0.340 GC heap after
Heap after GC invocations=9 (full 0):
 PSYoungGen      total 9216K, used 96K [0x00000000d6500000, 0x00000000d7400000, 0x0000000100000000)
  eden space 8192K, 0% used [0x00000000d6500000,0x00000000d6500000,0x00000000d6d00000)
  from space 1024K, 9% used [0x00000000d6d00000,0x00000000d6d18000,0x00000000d6e00000)
  to   space 1024K, 0% used [0x00000000d7300000,0x00000000d7300000,0x00000000d7400000)
 ParOldGen       total 127488K, used 929K [0x0000000082e00000, 0x000000008aa80000, 0x00000000d6500000)
  object space 127488K, 0% used [0x0000000082e00000,0x0000000082ee8428,0x000000008aa80000)
 Metaspace       used 3226K, capacity 4600K, committed 4864K, reserved 1056768K
  class space    used 342K, capacity 424K, committed 512K, reserved 1048576K
}

