# JRE version: Java(TM) SE Runtime Environment (8.0_05-b13) (build 1.8.0_05-b13)
# Java VM: Java HotSpot(TM) 64-Bit Server VM (25.5-b02 mixed mode linux-amd64 compressed oops)
Heap:
 PSYoungGen      total 22016K, used 9774K [0x00000000d6500000, 0x00000000d8b00000, 0x0000000100000000)
  eden space 15872K, 30% used [0x00000000d6500000,0x00000000d69bbb98,0x00000000d7480000)
  from space 6144K, 80% used [0x00000000d7480000,0x00000000d7950000,0x00000000d7a80000)
  to   space 6656K, 0% used [0x00000000d8480000,0x00000000d8480000,0x00000000d8b00000)
 ParOldGen       total 127488K, used 20629K [0x0000000082e00000, 0x000000008aa80000, 0x00000000d6500000)
  object space 127488K, 16% used [0x0000000082e00000,0x00000000842254a8,0x000000008aa80000)
 Metaspace       used 11978K, capacity 12082K, committed 12288K, reserved 1060864K
  class space    used 1402K, capacity 1431K, committed 1536K, reserved 1048576K
GC Heap History (10 events):
Event: 3.723 GC heap before
{Heap before GC invocations=9 (full 0):
 PSYoungGen      total 9216K, used 9216K [0x00000000d6500000, 0x00000000d7200000, 0x0000000100000000)
  eden space 6656K, 100% used [0x00000000d6500000,0x00000000d6b80000,0x00000000d6b80000)
  from space 2560K, 100% used [0x00000000d6e80000,0x00000000d7100000,0x00000000d7100000)
  to   space 3072K, 0% used [0x00000000d6b80000,0x00000000d6b80000,0x00000000d6e80000)
 ParOldGen       total 127488K, used 5835K [0x0000000082e00000, 0x000000008aa80000, 0x00000000d6500000)
  object space 127488K, 4% used [0x0000000082e00000,0x00000000833b2c68,0x000000008aa80000)
 Metaspace       used 11534K, capacity 11660K, committed 11904K, reserved 1060864K
  class space    used 1370K, capacity 1398K, committed 1408K, reserved 1048576K
Event: 3.737 GC heap after
Heap after GC invocations=9 (full 0):
 PSYoungGen      total 9728K, used 3072K [0x00000000d6500000, 0x00000000d7880000, 0x0000000100000000)
  eden space 6656K, 0% used [0x00000000d6500000,0x00000000d6500000,0x00000000d6b80000)
  from space 3072K, 100% used [0x00000000d6b80000,0x00000000d6e80000,0x00000000d6e80000)
  to   space 4608K, 0% used [0x00000000d7400000,0x00000000d7400000,0x00000000d7880000)
 ParOldGen       total 127488K, used 7669K [0x0000000082e00000, 0x000000008aa80000, 0x00000000d6500000)
  object space 127488K, 6% used [0x0000000082e00000,0x000000008357d4a8,0x000000008aa80000)
 Metaspace       used 11534K, capacity 11660K, committed 11904K, reserved 1060864K
  class space    used 1370K, capacity 1398K, committed 1408K, reserved 1048576K
}
Event: 3.765 GC heap before
{Heap before GC invocations=10 (full 0):
 PSYoungGen      total 9728K, used 9728K [0x00000000d6500000, 0x00000000d7880000, 0x0000000100000000)
  eden space 6656K, 100% used [0x00000000d6500000,0x00000000d6b80000,0x00000000d6b80000)
  from space 3072K, 100% used [0x00000000d6b80000,0x00000000d6e80000,0x00000000d6e80000)
  to   space 4608K, 0% used [0x00000000d7400000,0x00000000d7400000,0x00000000d7880000)
 ParOldGen       total 127488K, used 7669K [0x0000000082e00000, 0x000000008aa80000, 0x00000000d6500000)
  object space 127488K, 6% used [0x0000000082e00000,0x000000008357d4a8,0x000000008aa80000)
 Metaspace       used 11546K, capacity 11660K, committed 11904K, reserved 1060864K
  class space    used 1370K, capacity 1398K, committed 1408K, reserved 1048576K
Event: 3.775 GC heap after
Heap after GC invocations=10 (full 0):
 PSYoungGen      total 14848K, used 4480K [0x00000000d6500000, 0x00000000d7980000, 0x0000000100000000)
  eden space 10240K, 0% used [0x00000000d6500000,0x00000000d6500000,0x00000000d6f00000)
  from space 4608K, 97% used [0x00000000d7400000,0x00000000d7860000,0x00000000d7880000)
  to   space 5120K, 0% used [0x00000000d6f00000,0x00000000d6f00000,0x00000000d7400000)
 ParOldGen       total 127488K, used 8645K [0x0000000082e00000, 0x000000008aa80000, 0x00000000d6500000)
  object space 127488K, 6% used [0x0000000082e00000,0x00000000836714a8,0x000000008aa80000)
 Metaspace       used 11546K, capacity 11660K, committed 11904K, reserved 1060864K
  class space    used 1370K, capacity 1398K, committed 1408K, reserved 1048576K
}
Event: 3.810 GC heap before
{Heap before GC invocations=11 (full 0):
 PSYoungGen      total 14848K, used 14720K [0x00000000d6500000, 0x00000000d7980000, 0x0000000100000000)
  eden space 10240K, 100% used [0x00000000d6500000,0x00000000d6f00000,0x00000000d6f00000)
  from space 4608K, 97% used [0x00000000d7400000,0x00000000d7860000,0x00000000d7880000)
  to   space 5120K, 0% used [0x00000000d6f00000,0x00000000d6f00000,0x00000000d7400000)
 ParOldGen       total 127488K, used 8645K [0x0000000082e00000, 0x000000008aa80000, 0x00000000d6500000)
  object space 127488K, 6% used [0x0000000082e00000,0x00000000836714a8,0x000000008aa80000)
 Metaspace       used 11551K, capacity 11660K, committed 11904K, reserved 1060864K
  class space    used 1370K, capacity 1398K, committed 1408K, reserved 1048576K
Event: 3.834 GC heap after
Heap after GC invocations=11 (full 0):
 PSYoungGen      total 15360K, used 3808K [0x00000000d6500000, 0x00000000d8000000, 0x0000000100000000)
  eden space 10240K, 0% used [0x00000000d6500000,0x00000000d6500000,0x00000000d6f00000)
  from space 5120K, 74% used [0x00000000d6f00000,0x00000000d72b8000,0x00000000d7400000)
  to   space 5632K, 0% used [0x00000000d7a80000,0x00000000d7a80000,0x00000000d8000000)
 ParOldGen       total 127488K, used 13101K [0x0000000082e00000, 0x000000008aa80000, 0x00000000d6500000)
  object space 127488K, 10% used [0x0000000082e00000,0x0000000083acb4a8,0x000000008aa80000)
 Metaspace       used 11551K, capacity 11660K, committed 11904K, reserved 1060864K
  class space    used 1370K, capacity 1398K, committed 1408K, reserved 1048576K
}
Event: 3.865 GC heap before
{Heap before GC invocations=12 (full 0):
 PSYoungGen      total 15360K, used 14048K [0x00000000d6500000, 0x00000000d8000000, 0x0000000100000000)
  eden space 10240K, 100% used [0x00000000d6500000,0x00000000d6f00000,0x00000000d6f00000)
  from space 5120K, 74% used [0x00000000d6f00000,0x00000000d72b8000,0x00000000d7400000)
  to   space 5632K, 0% used [0x00000000d7a80000,0x00000000d7a80000,0x00000000d8000000)
 ParOldGen       total 127488K, used 13101K [0x0000000082e00000, 0x000000008aa80000, 0x00000000d6500000)
  object space 127488K, 10% used [0x0000000082e00000,0x0000000083acb4a8,0x000000008aa80000)
 Metaspace       used 11551K, capacity 11660K, committed 11904K, reserved 1060864K
  class space    used 1370K, capacity 1398K, committed 1408K, reserved 1048576K
Event: 3.888 GC heap after
Heap after GC invocations=12 (full 0):
 PSYoungGen      total 21504K, used 3808K [0x00000000d6500000, 0x00000000d8100000, 0x0000000100000000)
  eden space 15872K, 0% used [0x00000000d6500000,0x00000000d6500000,0x00000000d7480000)
  from space 5632K, 67% used [0x00000000d7a80000,0x00000000d7e38000,0x00000000d8000000)
  to   space 6144K, 0% used [0x00000000d7480000,0x00000000d7480000,0x00000000d7a80000)
 ParOldGen       total 127488K, used 16869K [0x0000000082e00000, 0x000000008aa80000, 0x00000000d6500000)
  object space 127488K, 13% used [0x0000000082e00000,0x0000000083e794a8,0x000000008aa80000)
 Metaspace       used 11551K, capacity 11660K, committed 11904K, reserved 1060864K
  class space    used 1370K, capacity 1398K, committed 1408K, reserved 1048576K
}
Event: 4.166 GC heap before
{Heap before GC invocations=13 (full 0):
 PSYoungGen      total 21504K, used 19680K [0x00000000d6500000, 0x00000000d8100000, 0x0000000100000000)
  eden space 15872K, 100% used [0x00000000d6500000,0x00000000d7480000,0x00000000d7480000)
  from space 5632K, 67% used [0x00000000d7a80000,0x00000000d7e38000,0x00000000d8000000)
  to   space 6144K, 0% used [0x00000000d7480000,0x00000000d7480000,0x00000000d7a80000)
 ParOldGen       total 127488K, used 16869K [0x0000000082e00000, 0x000000008aa80000, 0x00000000d6500000)
  object space 127488K, 13% used [0x0000000082e00000,0x0000000083e794a8,0x000000008aa80000)
 Metaspace       used 11940K, capacity 12082K, committed 12288K, reserved 1060864K
  class space    used 1401K, capacity 1431K, committed 1536K, reserved 1048576K
Event: 4.182 GC heap after
Heap after GC invocations=13 (full 0):
 PSYoungGen      total 22016K, used 4928K [0x00000000d6500000, 0x00000000d8b00000, 0x0000000100000000)
  eden space 15872K, 0% used [0x00000000d6500000,0x00000000d6500000,0x00000000d7480000)
  from space 6144K, 80% used [0x00000000d7480000,0x00000000d7950000,0x00000000d7a80000)
  to   space 6656K, 0% used [0x00000000d8480000,0x00000000d8480000,0x00000000d8b00000)
 ParOldGen       total 127488K, used 20629K [0x0000000082e00000, 0x000000008aa80000, 0x00000000d6500000)
  object space 127488K, 16% used [0x0000000082e00000,0x00000000842254a8,0x000000008aa80000)
 Metaspace       used 11940K, capacity 12082K, committed 12288K, reserved 1060864K
  class space    used 1401K, capacity 1431K, committed 1536K, reserved 1048576K
}

