# JRE version: Java(TM) SE Runtime Environment (8.0_05-b13) (build 1.8.0_05-b13)
# Java VM: Java HotSpot(TM) 64-Bit Server VM (25.5-b02 mixed mode linux-amd64 compressed oops)
Heap:
 PSYoungGen      total 4212224K, used 104192K [0x0000000580100000, 0x000000068af00000, 0x0000000800000000)
  eden space 4059648K, 0% used [0x0000000580100000,0x0000000580100000,0x0000000677d80000)
  from space 152576K, 68% used [0x0000000677d80000,0x000000067e340000,0x0000000681280000)
  to   space 144896K, 0% used [0x0000000681280000,0x0000000681280000,0x000000068a000000)
 ParOldGen       total 2066944K, used 1157673K [0x0000000080200000, 0x00000000fe480000, 0x0000000580100000)
  object space 2066944K, 56% used [0x0000000080200000,0x00000000c6c8a488,0x00000000fe480000)
 Metaspace       used 4637K, capacity 5128K, committed 5248K, reserved 1056768K
  class space    used 518K, capacity 564K, committed 640K, reserved 1048576K
GC Heap History (10 events):
Event: 87.476 GC heap after
Heap after GC invocations=48 (full 0):
 PSYoungGen      total 2893312K, used 83904K [0x0000000580100000, 0x0000000638c80000, 0x0000000800000000)
  eden space 2783232K, 0% used [0x0000000580100000,0x0000000580100000,0x0000000629f00000)
  from space 110080K, 76% used [0x0000000631200000,0x00000006363f0000,0x0000000637d80000)
  to   space 117760K, 0% used [0x0000000629f00000,0x0000000629f00000,0x0000000631200000)
 ParOldGen       total 2066944K, used 792344K [0x0000000080200000, 0x00000000fe480000, 0x0000000580100000)
  object space 2066944K, 38% used [0x0000000080200000,0x00000000b07c6378,0x00000000fe480000)
 Metaspace       used 4636K, capacity 5128K, committed 5248K, reserved 1056768K
  class space    used 518K, capacity 564K, committed 640K, reserved 1048576K
}
Event: 93.472 GC heap before
{Heap before GC invocations=49 (full 0):
 PSYoungGen      total 2893312K, used 2867136K [0x0000000580100000, 0x0000000638c80000, 0x0000000800000000)
  eden space 2783232K, 100% used [0x0000000580100000,0x0000000629f00000,0x0000000629f00000)
  from space 110080K, 76% used [0x0000000631200000,0x00000006363f0000,0x0000000637d80000)
  to   space 117760K, 0% used [0x0000000629f00000,0x0000000629f00000,0x0000000631200000)
 ParOldGen       total 2066944K, used 792344K [0x0000000080200000, 0x00000000fe480000, 0x0000000580100000)
  object space 2066944K, 38% used [0x0000000080200000,0x00000000b07c6378,0x00000000fe480000)
 Metaspace       used 4636K, capacity 5128K, committed 5248K, reserved 1056768K
  class space    used 518K, capacity 564K, committed 640K, reserved 1048576K
Event: 95.305 GC heap after
Heap after GC invocations=49 (full 0):
 PSYoungGen      total 2900992K, used 104128K [0x0000000580100000, 0x000000065da00000, 0x0000000800000000)
  eden space 2783232K, 0% used [0x0000000580100000,0x0000000580100000,0x0000000629f00000)
  from space 117760K, 88% used [0x0000000629f00000,0x00000006304b0000,0x0000000631200000)
  to   space 131072K, 0% used [0x0000000655a00000,0x0000000655a00000,0x000000065da00000)
 ParOldGen       total 2066944K, used 869994K [0x0000000080200000, 0x00000000fe480000, 0x0000000580100000)
  object space 2066944K, 42% used [0x0000000080200000,0x00000000b539ab28,0x00000000fe480000)
 Metaspace       used 4636K, capacity 5128K, committed 5248K, reserved 1056768K
  class space    used 518K, capacity 564K, committed 640K, reserved 1048576K
}
Event: 99.934 GC heap before
{Heap before GC invocations=50 (full 0):
 PSYoungGen      total 2900992K, used 2887360K [0x0000000580100000, 0x000000065da00000, 0x0000000800000000)
  eden space 2783232K, 100% used [0x0000000580100000,0x0000000629f00000,0x0000000629f00000)
  from space 117760K, 88% used [0x0000000629f00000,0x00000006304b0000,0x0000000631200000)
  to   space 131072K, 0% used [0x0000000655a00000,0x0000000655a00000,0x000000065da00000)
 ParOldGen       total 2066944K, used 869994K [0x0000000080200000, 0x00000000fe480000, 0x0000000580100000)
  object space 2066944K, 42% used [0x0000000080200000,0x00000000b539ab28,0x00000000fe480000)
 Metaspace       used 4636K, capacity 5128K, committed 5248K, reserved 1056768K
  class space    used 518K, capacity 564K, committed 640K, reserved 1048576K
Event: 101.408 GC heap after
Heap after GC invocations=50 (full 0):
 PSYoungGen      total 3492352K, used 92704K [0x0000000580100000, 0x000000065e700000, 0x0000000800000000)
  eden space 3361280K, 0% used [0x0000000580100000,0x0000000580100000,0x000000064d380000)
  from space 131072K, 70% used [0x0000000655a00000,0x000000065b488000,0x000000065da00000)
  to   space 137728K, 0% used [0x000000064d380000,0x000000064d380000,0x0000000655a00000)
 ParOldGen       total 2066944K, used 952923K [0x0000000080200000, 0x00000000fe480000, 0x0000000580100000)
  object space 2066944K, 46% used [0x0000000080200000,0x00000000ba496e38,0x00000000fe480000)
 Metaspace       used 4636K, capacity 5128K, committed 5248K, reserved 1056768K
  class space    used 518K, capacity 564K, committed 640K, reserved 1048576K
}
Event: 107.159 GC heap before
{Heap before GC invocations=51 (full 0):
 PSYoungGen      total 3492352K, used 3453984K [0x0000000580100000, 0x000000065e700000, 0x0000000800000000)
  eden space 3361280K, 100% used [0x0000000580100000,0x000000064d380000,0x000000064d380000)
  from space 131072K, 70% used [0x0000000655a00000,0x000000065b488000,0x000000065da00000)
  to   space 137728K, 0% used [0x000000064d380000,0x000000064d380000,0x0000000655a00000)
 ParOldGen       total 2066944K, used 952923K [0x0000000080200000, 0x00000000fe480000, 0x0000000580100000)
  object space 2066944K, 46% used [0x0000000080200000,0x00000000ba496e38,0x00000000fe480000)
 Metaspace       used 4637K, capacity 5128K, committed 5248K, reserved 1056768K
  class space    used 518K, capacity 564K, committed 640K, reserved 1048576K
Event: 108.472 GC heap after
Heap after GC invocations=51 (full 0):
 PSYoungGen      total 3499008K, used 99072K [0x0000000580100000, 0x000000068a000000, 0x0000000800000000)
  eden space 3361280K, 0% used [0x0000000580100000,0x0000000580100000,0x000000064d380000)
  from space 137728K, 71% used [0x000000064d380000,0x0000000653440000,0x0000000655a00000)
  to   space 144896K, 0% used [0x0000000681280000,0x0000000681280000,0x000000068a000000)
 ParOldGen       total 2066944K, used 1019733K [0x0000000080200000, 0x00000000fe480000, 0x0000000580100000)
  object space 2066944K, 49% used [0x0000000080200000,0x00000000be5d5588,0x00000000fe480000)
 Metaspace       used 4637K, capacity 5128K, committed 5248K, reserved 1056768K
  class space    used 518K, capacity 564K, committed 640K, reserved 1048576K
}
Event: 113.596 GC heap before
{Heap before GC invocations=52 (full 0):
 PSYoungGen      total 3499008K, used 3460352K [0x0000000580100000, 0x000000068a000000, 0x0000000800000000)
  eden space 3361280K, 100% used [0x0000000580100000,0x000000064d380000,0x000000064d380000)
  from space 137728K, 71% used [0x000000064d380000,0x0000000653440000,0x0000000655a00000)
  to   space 144896K, 0% used [0x0000000681280000,0x0000000681280000,0x000000068a000000)
 ParOldGen       total 2066944K, used 1019733K [0x0000000080200000, 0x00000000fe480000, 0x0000000580100000)
  object space 2066944K, 49% used [0x0000000080200000,0x00000000be5d5588,0x00000000fe480000)
 Metaspace       used 4637K, capacity 5128K, committed 5248K, reserved 1056768K
  class space    used 518K, capacity 564K, committed 640K, reserved 1048576K
Event: 115.611 GC heap after
Heap after GC invocations=52 (full 0):
 PSYoungGen      total 4204544K, used 106720K [0x0000000580100000, 0x000000068af00000, 0x0000000800000000)
  eden space 4059648K, 0% used [0x0000000580100000,0x0000000580100000,0x0000000677d80000)
  from space 144896K, 73% used [0x0000000681280000,0x0000000687ab8000,0x000000068a000000)
  to   space 152576K, 0% used [0x0000000677d80000,0x0000000677d80000,0x0000000681280000)
 ParOldGen       total 2066944K, used 1095039K [0x0000000080200000, 0x00000000fe480000, 0x0000000580100000)
  object space 2066944K, 52% used [0x0000000080200000,0x00000000c2f5ff88,0x00000000fe480000)
 Metaspace       used 4637K, capacity 5128K, committed 5248K, reserved 1056768K
  class space    used 518K, capacity 564K, committed 640K, reserved 1048576K
}
Event: 443.362 GC heap before
{Heap before GC invocations=53 (full 0):
 PSYoungGen      total 4204544K, used 4166368K [0x0000000580100000, 0x000000068af00000, 0x0000000800000000)
  eden space 4059648K, 100% used [0x0000000580100000,0x0000000677d80000,0x0000000677d80000)
  from space 144896K, 73% used [0x0000000681280000,0x0000000687ab8000,0x000000068a000000)
  to   space 152576K, 0% used [0x0000000677d80000,0x0000000677d80000,0x0000000681280000)
 ParOldGen       total 2066944K, used 1095039K [0x0000000080200000, 0x00000000fe480000, 0x0000000580100000)
  object space 2066944K, 52% used [0x0000000080200000,0x00000000c2f5ff88,0x00000000fe480000)
 Metaspace       used 4637K, capacity 5128K, committed 5248K, reserved 1056768K
  class space    used 518K, capacity 564K, committed 640K, reserved 1048576K

